<?xml version="1.0" encoding="UTF-8"?>
<testng-results ignored="0" total="1" passed="1" failed="0" skipped="0">
  <reporter-output>
  </reporter-output>
  <suite started-at="2022-07-22T11:50:55 IST" name="Default suite" finished-at="2022-07-22T11:51:59 IST" duration-ms="64418">
    <groups>
    </groups>
    <test started-at="2022-07-22T11:50:55 IST" name="Default test" finished-at="2022-07-22T11:51:59 IST" duration-ms="64418">
      <class name="BasicFramework.SwitchToTenant">
        <test-method signature="switchtotenant()[pri:0, instance:BasicFramework.SwitchToTenant@6d2a209c]" started-at="2022-07-22T11:50:55 IST" name="switchtotenant" finished-at="2022-07-22T11:51:59 IST" duration-ms="64392" status="PASS">
          <reporter-output>
          </reporter-output>
        </test-method> <!-- switchtotenant -->
      </class> <!-- BasicFramework.SwitchToTenant -->
    </test> <!-- Default test -->
  </suite> <!-- Default suite -->
</testng-results>
